--- Copying files at Thu May 14 06:27:27 UTC 2020
--- Copying files at Fri May 15 00:39:32 UTC 2020
--- Copying files at Fri May 15 04:38:31 UTC 2020
--- Copying files at Sat May 16 15:24:19 UTC 2020
--- Copying files at Sun May 17 14:50:59 UTC 2020
--- Copying files at Tue May 19 02:29:52 UTC 2020
--- Copying files at Tue May 19 04:33:01 UTC 2020
--- Copying files at Tue May 19 04:55:46 UTC 2020
--- Copying files at Wed May 20 01:52:01 UTC 2020
--- Copying files at Sat May 23 19:50:21 UTC 2020
--- Copying files at Sat May 23 22:40:10 UTC 2020
--- Copying files at Sat May 23 22:47:38 UTC 2020
--- Copying files at Sun May 24 02:00:54 UTC 2020
--- Copying files at Wed May 27 01:03:59 UTC 2020
--- Copying files at Tue Jun  9 16:27:16 UTC 2020
--- Copying files at Tue Jun  9 21:30:28 UTC 2020
--- Copying files at Tue Jun  9 21:31:23 UTC 2020
--- Copying files at Wed Jun 10 20:46:58 UTC 2020
--- Copying files at Thu Jun 11 21:00:37 UTC 2020
--- Copying files at Sat Jun 13 21:32:46 UTC 2020
--- Copying files at Mon Jun 15 20:50:33 UTC 2020
--- Copying files at Tue Jun 16 02:19:41 UTC 2020
--- Copying files at Tue Jun 16 18:00:06 UTC 2020
--- Copying files at Wed Jun 17 20:51:44 UTC 2020
--- Copying files at Thu Jun 18 23:14:25 UTC 2020
--- Copying files at Sat Jun 20 02:07:38 UTC 2020
--- Copying files at Sat Jun 20 22:00:37 UTC 2020
--- Copying files at Sun Jun 21 22:37:17 UTC 2020
--- Copying files at Tue Jun 23 01:51:02 UTC 2020
--- Copying files at Tue Jun 23 22:15:04 UTC 2020
--- Copying files at Wed Jun 24 23:13:11 UTC 2020
--- Copying files at Fri Jun 26 00:04:50 UTC 2020
--- Copying files at Fri Jun 26 05:48:03 UTC 2020
--- Copying files at Fri Jun 26 13:41:23 UTC 2020
--- Copying files at Fri Jun 26 21:23:31 UTC 2020
--- Copying files at Sat Jun 27 00:11:07 UTC 2020
--- Copying files at Sat Jun 27 19:20:14 UTC 2020
--- Copying files at Mon Jul  6 02:42:55 UTC 2020
--- Copying files at Mon Jul 20 02:31:24 UTC 2020
--- Copying files at Mon Jul 20 02:37:14 UTC 2020
--- Copying files at Mon Jul 20 12:43:21 UTC 2020
--- Copying files at Mon Jul 20 12:46:22 UTC 2020
--- Copying files at Mon Jul 20 12:47:23 UTC 2020
--- Copying files at Mon Jul 20 12:49:56 UTC 2020
--- Copying files at Tue Jul 21 00:56:20 UTC 2020
--- Copying files at Tue Jul 21 00:58:06 UTC 2020
--- Copying files at Tue Jul 21 01:31:58 UTC 2020
--- Copying files at Tue Jul 21 01:34:53 UTC 2020
--- Copying files at Fri Jul 24 14:19:40 UTC 2020
--- Copying files at Sun Jul 26 21:28:50 UTC 2020
--- Copying files at Mon Jul 27 01:08:03 UTC 2020
--- Copying files at Mon Jul 27 16:23:33 UTC 2020
--- Copying files at Tue Jul 28 05:53:22 UTC 2020
--- Copying files at Tue Jul 28 13:15:32 UTC 2020
--- Copying files at Wed Jul 29 15:49:35 UTC 2020
--- Copying files at Thu Jul 30 02:43:04 UTC 2020
--- Copying files at Fri Jul 31 18:34:14 UTC 2020
--- Copying files at Sun Aug  2 05:19:06 UTC 2020
--- Copying files at Mon Aug  3 02:29:37 UTC 2020
--- Copying files at Mon Aug  3 13:38:19 UTC 2020
--- Copying files at Tue Aug  4 14:39:04 UTC 2020
--- Copying files at Thu Sep  3 05:20:45 UTC 2020
