Started at Thu Sep 03 05:26:46 UTC 2020
Processing ansible-job
Offering ansible-job to Project Build Discarder
Processing ansible-jobs-2
Offering ansible-jobs-2 to Project Build Discarder
Processing ansible_dsl
Offering ansible_dsl to Project Build Discarder
Processing backup -db-to-aws
Offering backup -db-to-aws to Project Build Discarder
Processing db-ansible-users
Offering db-ansible-users to Project Build Discarder
Processing ENV
Offering ENV to Project Build Discarder
Processing job-dsl
Offering job-dsl to Project Build Discarder
Processing job_dsl_example
Offering job_dsl_example to Project Build Discarder
Processing maven-job
Offering maven-job to Project Build Discarder
Processing maven_dsl
Offering maven_dsl to Project Build Discarder
Processing pipeline-job
Offering pipeline-job to Project Build Discarder
Processing post_receive
Offering post_receive to Project Build Discarder
Processing remote_task
Offering remote_task to Project Build Discarder
Finished at Thu Sep 03 05:26:46 UTC 2020. 55ms
